<?xml version="1.0" encoding="UTF-8"?>
<testsuite name="com.assignment.productService.ProductServiceTests" tests="1" skipped="0" failures="0" errors="0" timestamp="2023-02-23T04:41:26" hostname="LAPTOP-3A31BKVN" time="0.564">
  <properties/>
  <testcase name="contextLoads()" classname="com.assignment.productService.ProductServiceTests" time="0.564"/>
  <system-out><![CDATA[10:11:24.408 [Test worker] DEBUG org.springframework.boot.test.context.SpringBootTestContextBootstrapper - Neither @ContextConfiguration nor @ContextHierarchy found for test class [ProductServiceTests]: using SpringBootContextLoader
10:11:24.412 [Test worker] DEBUG org.springframework.test.context.support.AbstractContextLoader - Could not detect default resource locations for test class [com.assignment.productService.ProductServiceTests]: no resource found for suffixes {-context.xml, Context.groovy}.
10:11:24.413 [Test worker] INFO org.springframework.test.context.support.AnnotationConfigContextLoaderUtils - Could not detect default configuration classes for test class [com.assignment.productService.ProductServiceTests]: ProductServiceTests does not declare any static, non-private, non-final, nested classes annotated with @Configuration.
10:11:24.431 [Test worker] DEBUG org.springframework.boot.test.context.SpringBootTestContextBootstrapper - Using ContextCustomizers for test class [ProductServiceTests]: [DisableObservabilityContextCustomizer, PropertyMappingContextCustomizer, Customizer, ExcludeFilterContextCustomizer, DuplicateJsonObjectContextCustomizer, MockitoContextCustomizer, TestRestTemplateContextCustomizer]
10:11:24.490 [Test worker] DEBUG org.springframework.context.annotation.ClassPathScanningCandidateComponentProvider - Identified candidate component class: file [Y:\Development\workspace\Assignment\springboot-mongodb-crud-operation\build\classes\java\main\com\assignment\productService\ProductService.class]
10:11:24.491 [Test worker] INFO org.springframework.boot.test.context.SpringBootTestContextBootstrapper - Found @SpringBootConfiguration com.assignment.productService.ProductService for test class com.assignment.productService.ProductServiceTests
10:11:24.577 [Test worker] DEBUG org.springframework.boot.test.context.SpringBootTestContextBootstrapper - Using TestExecutionListeners for test class [ProductServiceTests]: [ServletTestExecutionListener, DirtiesContextBeforeModesTestExecutionListener, ApplicationEventsTestExecutionListener, MockitoTestExecutionListener, DependencyInjectionTestExecutionListener, DirtiesContextTestExecutionListener, TransactionalTestExecutionListener, SqlScriptsTestExecutionListener, EventPublishingTestExecutionListener, RestDocsTestExecutionListener, MockRestServiceServerResetTestExecutionListener, MockMvcPrintOnlyOnFailureTestExecutionListener, WebDriverTestExecutionListener, MockWebServiceServerTestExecutionListener, ResetMocksTestExecutionListener]
10:11:24.578 [Test worker] DEBUG org.springframework.test.context.support.AbstractDirtiesContextTestExecutionListener - Before test class: class [ProductServiceTests], class annotated with @DirtiesContext [false] with mode [null]

  .   ____          _            __ _ _
 /\\ / ___'_ __ _ _(_)_ __  __ _ \ \ \ \
( ( )\___ | '_ | '_| | '_ \/ _` | \ \ \ \
 \\/  ___)| |_)| | | | | || (_| |  ) ) ) )
  '  |____| .__|_| |_|_| |_\__, | / / / /
 =========|_|==============|___/=/_/_/_/
 :: Spring Boot ::                (v3.0.2)

2023-02-23T10:11:24.842+05:30  INFO 20692 --- [    Test worker] c.a.productService.ProductServiceTests   : Starting ProductServiceTests using Java 17.0.2 with PID 20692 (started by YOGESH in Y:\Development\workspace\Assignment\springboot-mongodb-crud-operation)
2023-02-23T10:11:24.843+05:30  INFO 20692 --- [    Test worker] c.a.productService.ProductServiceTests   : No active profile set, falling back to 1 default profile: "default"
2023-02-23T10:11:25.270+05:30  INFO 20692 --- [    Test worker] .s.d.r.c.RepositoryConfigurationDelegate : Bootstrapping Spring Data MongoDB repositories in DEFAULT mode.
2023-02-23T10:11:25.307+05:30  INFO 20692 --- [    Test worker] .s.d.r.c.RepositoryConfigurationDelegate : Finished Spring Data repository scanning in 34 ms. Found 1 MongoDB repository interfaces.
2023-02-23T10:11:25.662+05:30  INFO 20692 --- [    Test worker] org.mongodb.driver.client                : MongoClient with metadata {"driver": {"name": "mongo-java-driver|sync|spring-boot", "version": "4.8.2"}, "os": {"type": "Windows", "name": "Windows 10", "architecture": "amd64", "version": "10.0"}, "platform": "Java/Oracle Corporation/17.0.2+8-LTS-86"} created with settings MongoClientSettings{readPreference=primary, writeConcern=WriteConcern{w=null, wTimeout=null ms, journal=null}, retryWrites=true, retryReads=true, readConcern=ReadConcern{level=null}, credential=MongoCredential{mechanism=null, userName='demouser1', source='admin', password=<hidden>, mechanismProperties=<hidden>}, streamFactoryFactory=null, commandListeners=[], codecRegistry=ProvidersCodecRegistry{codecProviders=[ValueCodecProvider{}, BsonValueCodecProvider{}, DBRefCodecProvider{}, DBObjectCodecProvider{}, DocumentCodecProvider{}, CollectionCodecProvider{}, IterableCodecProvider{}, MapCodecProvider{}, GeoJsonCodecProvider{}, GridFSFileCodecProvider{}, Jsr310CodecProvider{}, JsonObjectCodecProvider{}, BsonCodecProvider{}, EnumCodecProvider{}, com.mongodb.Jep395RecordCodecProvider@73afe2b7]}, clusterSettings={hosts=[127.0.0.1:27017], srvHost=cluster0.lmzw1ax.mongodb.net, srvServiceName=mongodb, mode=MULTIPLE, requiredClusterType=REPLICA_SET, requiredReplicaSetName='atlas-wx2ne6-shard-0', serverSelector='null', clusterListeners='[]', serverSelectionTimeout='30000 ms', localThreshold='30000 ms'}, socketSettings=SocketSettings{connectTimeoutMS=10000, readTimeoutMS=0, receiveBufferSize=0, sendBufferSize=0}, heartbeatSocketSettings=SocketSettings{connectTimeoutMS=10000, readTimeoutMS=10000, receiveBufferSize=0, sendBufferSize=0}, connectionPoolSettings=ConnectionPoolSettings{maxSize=100, minSize=0, maxWaitTimeMS=120000, maxConnectionLifeTimeMS=0, maxConnectionIdleTimeMS=0, maintenanceInitialDelayMS=0, maintenanceFrequencyMS=60000, connectionPoolListeners=[], maxConnecting=2}, serverSettings=ServerSettings{heartbeatFrequencyMS=10000, minHeartbeatFrequencyMS=500, serverListeners='[]', serverMonitorListeners='[]'}, sslSettings=SslSettings{enabled=true, invalidHostNameAllowed=false, context=null}, applicationName='null', compressorList=[], uuidRepresentation=JAVA_LEGACY, serverApi=null, autoEncryptionSettings=null, contextProvider=null}
2023-02-23T10:11:25.856+05:30  INFO 20692 --- [1ax.mongodb.net] org.mongodb.driver.cluster               : Adding discovered server ac-mx5rlx2-shard-00-00.lmzw1ax.mongodb.net:27017 to client view of cluster
2023-02-23T10:11:25.874+05:30  INFO 20692 --- [1ax.mongodb.net] org.mongodb.driver.cluster               : Adding discovered server ac-mx5rlx2-shard-00-01.lmzw1ax.mongodb.net:27017 to client view of cluster
2023-02-23T10:11:25.875+05:30  INFO 20692 --- [1ax.mongodb.net] org.mongodb.driver.cluster               : Adding discovered server ac-mx5rlx2-shard-00-02.lmzw1ax.mongodb.net:27017 to client view of cluster
2023-02-23T10:11:26.347+05:30  INFO 20692 --- [    Test worker] c.a.productService.ProductServiceTests   : Started ProductServiceTests in 1.732 seconds (process running for 2.661)
]]></system-out>
  <system-err><![CDATA[]]></system-err>
</testsuite>
