<?xml version="1.0" encoding="UTF-8"?>
<testsuite name="com.assignment.productService.ProductServiceTest.ProductServiceTest" tests="3" skipped="0" failures="0" errors="0" timestamp="2023-02-23T04:41:26" hostname="LAPTOP-3A31BKVN" time="3.448">
  <properties/>
  <testcase name="deleteProductTest()" classname="com.assignment.productService.ProductServiceTest.ProductServiceTest" time="2.334"/>
  <testcase name="createProductTest()" classname="com.assignment.productService.ProductServiceTest.ProductServiceTest" time="0.459"/>
  <testcase name="updateProductTest()" classname="com.assignment.productService.ProductServiceTest.ProductServiceTest" time="0.652"/>
  <system-out><![CDATA[2023-02-23T10:11:26.935+05:30  INFO 20692 --- [    Test worker] t.c.s.AnnotationConfigContextLoaderUtils : Could not detect default configuration classes for test class [com.assignment.productService.ProductServiceTest.ProductServiceTest]: ProductServiceTest does not declare any static, non-private, non-final, nested classes annotated with @Configuration.
2023-02-23T10:11:26.943+05:30  INFO 20692 --- [    Test worker] .b.t.c.SpringBootTestContextBootstrapper : Found @SpringBootConfiguration com.assignment.productService.ProductService for test class com.assignment.productService.ProductServiceTest.ProductServiceTest
2023-02-23T10:11:26.998+05:30  INFO 20692 --- [    Test worker] org.mongodb.driver.cluster               : No server chosen by com.mongodb.client.internal.MongoClientDelegate$1@10cb050 from cluster description ClusterDescription{type=REPLICA_SET, connectionMode=MULTIPLE, serverDescriptions=[ServerDescription{address=ac-mx5rlx2-shard-00-00.lmzw1ax.mongodb.net:27017, type=UNKNOWN, state=CONNECTING}, ServerDescription{address=ac-mx5rlx2-shard-00-02.lmzw1ax.mongodb.net:27017, type=UNKNOWN, state=CONNECTING}, ServerDescription{address=ac-mx5rlx2-shard-00-01.lmzw1ax.mongodb.net:27017, type=UNKNOWN, state=CONNECTING}]}. Waiting for 30000 ms before timing out
2023-02-23T10:11:27.087+05:30  INFO 20692 --- [ngodb.net:27017] org.mongodb.driver.cluster               : Monitor thread successfully connected to server with description ServerDescription{address=ac-mx5rlx2-shard-00-01.lmzw1ax.mongodb.net:27017, type=REPLICA_SET_PRIMARY, state=CONNECTED, ok=true, minWireVersion=0, maxWireVersion=13, maxDocumentSize=16777216, logicalSessionTimeoutMinutes=30, roundTripTimeNanos=713147400, setName='atlas-wx2ne6-shard-0', canonicalAddress=ac-mx5rlx2-shard-00-01.lmzw1ax.mongodb.net:27017, hosts=[ac-mx5rlx2-shard-00-01.lmzw1ax.mongodb.net:27017, ac-mx5rlx2-shard-00-00.lmzw1ax.mongodb.net:27017, ac-mx5rlx2-shard-00-02.lmzw1ax.mongodb.net:27017], passives=[], arbiters=[], primary='ac-mx5rlx2-shard-00-01.lmzw1ax.mongodb.net:27017', tagSet=TagSet{[Tag{name='nodeType', value='ELECTABLE'}, Tag{name='provider', value='AWS'}, Tag{name='region', value='US_EAST_1'}, Tag{name='workloadType', value='OPERATIONAL'}]}, electionId=7fffffff00000000000000ce, setVersion=10, topologyVersion=TopologyVersion{processId=63f4e003d7fd7904c4ad5c03, counter=7}, lastWriteDate=Thu Feb 23 10:11:26 IST 2023, lastUpdateTimeNanos=72906113271700}
2023-02-23T10:11:27.087+05:30  INFO 20692 --- [ngodb.net:27017] org.mongodb.driver.cluster               : Monitor thread successfully connected to server with description ServerDescription{address=ac-mx5rlx2-shard-00-00.lmzw1ax.mongodb.net:27017, type=REPLICA_SET_SECONDARY, state=CONNECTED, ok=true, minWireVersion=0, maxWireVersion=13, maxDocumentSize=16777216, logicalSessionTimeoutMinutes=30, roundTripTimeNanos=713147000, setName='atlas-wx2ne6-shard-0', canonicalAddress=ac-mx5rlx2-shard-00-00.lmzw1ax.mongodb.net:27017, hosts=[ac-mx5rlx2-shard-00-01.lmzw1ax.mongodb.net:27017, ac-mx5rlx2-shard-00-00.lmzw1ax.mongodb.net:27017, ac-mx5rlx2-shard-00-02.lmzw1ax.mongodb.net:27017], passives=[], arbiters=[], primary='ac-mx5rlx2-shard-00-01.lmzw1ax.mongodb.net:27017', tagSet=TagSet{[Tag{name='nodeType', value='ELECTABLE'}, Tag{name='provider', value='AWS'}, Tag{name='region', value='US_EAST_1'}, Tag{name='workloadType', value='OPERATIONAL'}]}, electionId=null, setVersion=10, topologyVersion=TopologyVersion{processId=63f4de1dd89e6f591f620141, counter=9}, lastWriteDate=Thu Feb 23 10:11:26 IST 2023, lastUpdateTimeNanos=72906113271700}
2023-02-23T10:11:27.087+05:30  INFO 20692 --- [ngodb.net:27017] org.mongodb.driver.cluster               : Monitor thread successfully connected to server with description ServerDescription{address=ac-mx5rlx2-shard-00-02.lmzw1ax.mongodb.net:27017, type=REPLICA_SET_SECONDARY, state=CONNECTED, ok=true, minWireVersion=0, maxWireVersion=13, maxDocumentSize=16777216, logicalSessionTimeoutMinutes=30, roundTripTimeNanos=713146400, setName='atlas-wx2ne6-shard-0', canonicalAddress=ac-mx5rlx2-shard-00-02.lmzw1ax.mongodb.net:27017, hosts=[ac-mx5rlx2-shard-00-01.lmzw1ax.mongodb.net:27017, ac-mx5rlx2-shard-00-00.lmzw1ax.mongodb.net:27017, ac-mx5rlx2-shard-00-02.lmzw1ax.mongodb.net:27017], passives=[], arbiters=[], primary='ac-mx5rlx2-shard-00-01.lmzw1ax.mongodb.net:27017', tagSet=TagSet{[Tag{name='nodeType', value='ELECTABLE'}, Tag{name='provider', value='AWS'}, Tag{name='region', value='US_EAST_1'}, Tag{name='workloadType', value='OPERATIONAL'}]}, electionId=null, setVersion=10, topologyVersion=TopologyVersion{processId=63f61e905adab5c3b99d0643, counter=4}, lastWriteDate=Thu Feb 23 10:11:26 IST 2023, lastUpdateTimeNanos=72906113271600}
2023-02-23T10:11:27.093+05:30  INFO 20692 --- [ngodb.net:27017] org.mongodb.driver.cluster               : Discovered replica set primary ac-mx5rlx2-shard-00-01.lmzw1ax.mongodb.net:27017 with max election id 7fffffff00000000000000ce and max set version 10
]]></system-out>
  <system-err><![CDATA[]]></system-err>
</testsuite>
